<?xml version="1.0" encoding="UTF-8"?>
<!-- Generated by org.testng.reporters.JUnitReportReporter -->
<testsuite hostname="mrobserver" failures="0" tests="2" name="com.orangehrm.testing.tests.adminviewsystemusers.TC_02" time="20.290" errors="0" timestamp="2026-03-04T20:21:46 IST" skipped="0">
  <testcase classname="com.orangehrm.testing.tests.adminviewsystemusers.TC_02" name="loginWithValidCredentials" time="17.021"/>
  <testcase classname="com.orangehrm.testing.tests.adminviewsystemusers.TC_02" name="isOnAdminPage" time="3.269"/>
</testsuite> <!-- com.orangehrm.testing.tests.adminviewsystemusers.TC_02 -->
