

<!DOCTYPE html>
<html>
<head>
<meta charset="UTF-8">
<meta name="viewport" content="width=device-width, initial-scale=1, shrink-to-fit=no">
<title>E-commerce Test Reports</title>
<link rel="apple-touch-icon" href="https://cdn.jsdelivr.net/gh/extent-framework/extent-github-cdn@b00a2d0486596e73dd7326beacf352c639623a0e/commons/img/logo.png">
<link rel="shortcut icon" href="https://cdn.jsdelivr.net/gh/extent-framework/extent-github-cdn@b00a2d0486596e73dd7326beacf352c639623a0e/commons/img/logo.png">
<link href="https://cdn.jsdelivr.net/gh/extent-framework/extent-github-cdn@d6562a79075e061305ccfdb82f01e5e195e2d307/spark/css/spark-style.css" rel="stylesheet" />
<link href="https://stackpath.bootstrapcdn.com/font-awesome/4.7.0/css/font-awesome.min.css" rel="stylesheet">
<script src="https://cdn.jsdelivr.net/gh/extent-framework/extent-github-cdn@7cc78ce/spark/js/jsontree.js"></script>
<style type="text/css"></style></head><body class="spa bdd-report dark">
  <div class="app">
    <div class="layout">
<div class="header navbar">
<div class="vheader">
<div class="nav-logo">
<a href="#">
<div class="logo" style="background-image: url('https://cdn.jsdelivr.net/gh/extent-framework/extent-github-cdn@b00a2d0486596e73dd7326beacf352c639623a0e/commons/img/logo.png')"></div>
</a>
</div>
<ul class="nav-left">
<li class="search-box">
<a class="search-toggle" href="#">
<i class="search-icon fa fa-search"></i>
<i class="search-icon-close fa fa-close"></i>
</a>
</li>
<li class="search-input"><input id="search-tests" class="form-control" type="text" placeholder="Search..."></li>
</ul>
<ul class="nav-right">
<li class="m-r-10">
<a href="#"><span class="badge badge-primary">Selenium Cucumber Test Automation Report</span></a>
</li>
<li class="m-r-10">
<a href="#"><span class="badge badge-primary">Feb 17, 2026 13:50:56</span></a>
</li>
</ul>
</div>
</div><div class="side-nav">
<div class="side-nav-inner">
<ul class="side-nav-menu">
<li class="nav-item dropdown" onclick="toggleView('dashboard-view')">
<a id="nav-dashboard" class="dropdown-toggle" href="#">
<span class="ico"><i class="fa fa-bar-chart"></i></span>
</a>
</li>
<li class="nav-item dropdown" onclick="toggleView('test-view')">
<a id="nav-test" class="dropdown-toggle" href="#">
<span class="ico"><i class="fa fa-list"></i></span>
</a>
</li>
<li class="nav-item dropdown" onclick="toggleView('category-view')">
<a id="nav-category" class="dropdown-toggle" href="#">
<span class="ico"><i class="fa fa-tag"></i></span>
</a>
</li>
<li class="nav-item dropdown" onclick="toggleView('exception-view')">
<a id="nav-exception" class="dropdown-toggle" href="#">
<span class="ico"><i class="fa fa-bug"></i></span>
</a>
</li>
</ul>
</div>
</div>      <div class="vcontainer">
        <div class="main-content">
<div class="container-fluid p-4 view dashboard-view">
<div class="row">
<div class="col-md-3">
<div class="card"><div class="card-body">
<p class="m-b-0">Started</p>
<h3>Feb 17, 2026 13:50:56</h3>
</div></div>
</div>
<div class="col-md-3">
<div class="card"><div class="card-body">
<p class="m-b-0">Ended</p>
<h3>Feb 17, 2026 13:51:44</h3>
</div></div>
</div>
<div class="col-md-3">
<div class="card"><div class="card-body">
<p class="m-b-0 text-pass">Features Passed</p>
<h3>0</h3>
</div></div>
</div>
<div class="col-md-3">
<div class="card"><div class="card-body">
<p class="m-b-0 text-fail">Features Failed</p>
<h3>1</h3>
</div></div>
</div>
</div>
<div class="row">
<div class="col-md-4">
<div class="card">
<div class="card-header">
<h6 class="card-title">Features</h6>
</div>
<div class="card-body">
<div class="">
<canvas id='parent-analysis' width='115' height='90'></canvas>
</div>
</div>
<div class="card-footer">
<div><small data-tooltip='0%'>
<b>0</b> features passed
</small>
</div>
<div>
<small data-tooltip='100%'><b>1</b> features failed,
<b>0</b> skipped, <b data-tooltip='0%'>0</b> others
</small>
</div>
</div>
</div>
</div>
<div class="col-md-4">
<div class="card">
<div class="card-header">
<h6 class="card-title">Scenarios</h6>
</div>
<div class="card-body">
<div class="">
<canvas id='child-analysis' width='115' height='90'></canvas>
</div>
</div>
<div class="card-footer">
<div><small data-tooltip='11%'><b>1</b> scenarios passed</small></div>
<div>
<small data-tooltip='88%'><b>8</b> scenarios failed,
<b>0</b> skipped, <b data-tooltip='%'>0</b> others
</small>
</div>
</div>
</div>
</div>
<div class="col-md-4">
<div class="card">
<div class="card-header">
<h6 class="card-title">Steps</h6>
</div>
<div class="card-body">
<div class="">
<canvas id='grandchild-analysis' width='115' height='90'></canvas>
</div>
</div>
<div class="card-footer">
<div><small data-tooltip='17%'><b>14</b> steps passed</small></div>
<div>
<small data-tooltip='10%'><b>8</b> steps failed,
<b>58</b> skipped, <b data-tooltip='%'>0</b> others
</small>
</div>
</div>
</div>
</div>
</div>
<div class="row"><div class="col-md-12">
<div class="card"><div class="card-header"><p>Timeline</p></div>
<div class="card-body pt-0"><div>
<canvas id="timeline" height="120"></canvas>
</div></div>
</div>
</div></div>
<script>
var timeline = {
"Admin Panel and Order Management":46.986
};
</script>
<div class="row">
<div class="col-lg-6 col-md-12 category-container">
<div class="card">
<div class="card-header"><p>Tags</p></div>
<div class="card-body pb-0 pt-0"><table class="table table-sm table-bordered">
<thead><tr class="bg-gray"><th>Name</th><th>Passed</th><th>Failed</th><th>Skipped</th><th>Others</th><th>Passed %</th></tr></thead><tbody>
<tr>
<td>@Smoke</td>
<td>1</td>
<td>0</td>
<td>0</td>
<td>0</td>
<td>100%</td>
</tr>
<tr>
<td>@ProductManagement</td>
<td>1</td>
<td>8</td>
<td>0</td>
<td>0</td>
<td>11.111%</td>
</tr>
<tr>
<td>@AdminTest</td>
<td>1</td>
<td>8</td>
<td>0</td>
<td>0</td>
<td>11.111%</td>
</tr>
<tr>
<td>@Regression</td>
<td>1</td>
<td>4</td>
<td>0</td>
<td>0</td>
<td>20%</td>
</tr>
<tr>
<td>@NegativeTesting</td>
<td>0</td>
<td>4</td>
<td>0</td>
<td>0</td>
<td>0%</td>
</tr>
</tbody>
</table></div>
</div>
</div>
<div class="col-lg-6 col-md-12 sysenv-container">
<div class="card">
<div class="card-header"><p>System/Environment</p></div>
<div class="card-body pb-0 pt-0"><table class="table table-sm table-bordered">
<thead><tr class="bg-gray"><th>Name</th><th>Value</th></tr></thead>
<tbody>
<tr>
<td>AppName</td>
<td>E-commerce Platform</td>
</tr>
<tr>
<td>user</td>
<td>QA Team</td>
</tr>
<tr>
<td>build</td>
<td>1.0.0</td>
</tr>
<tr>
<td>os</td>
<td>Windows</td>
</tr>
</tbody>
</table></div>
</div>
</div>
</div>
</div>
<script>
var statusGroup = {
parentCount: 5,
passParent: 0,
failParent: 1,
warningParent: 0,
skipParent: 0,
childCount: 5,
passChild: 1,
failChild: 8,
warningChild: 0,
skipChild: 0,
infoChild: 0,
grandChildCount: 5,
passGrandChild: 14,
failGrandChild: 8,
warningGrandChild: 0,
skipGrandChild: 58,
infoGrandChild: 0,
eventsCount: 5,
};
</script><div class="test-wrapper row view test-view">
  <div class="test-list">
    <div class="test-list-tools">
<ul class="tools pull-left">
<li><a href="#"><span class="font-size-14">Tests</span></a></li>
</ul>
<ul class="tools text-right">
<li class="dropdown">
<a href="#" class="dropdown-toggle" data-toggle="dropdown"><i class="fa fa-exclamation-circle"></i></a>
<ul id="status-toggle" class="dropdown-menu dropdown-md p-v-0">
<a class="dropdown-item" status="fail" href="#"><span>Fail</span><span class="status danger"></span></a>
<div class="dropdown-divider"></div>
<a status="clear" class="dropdown-item" href="#"><span>Clear</span><span class="pull-right"><i class="fa fa-close"></i></span></a>
</ul>
</li>
<li class="dropdown">
<a href="#" class="dropdown-toggle" data-toggle="dropdown"><i class="fa fa-tag"></i></a>
<ul id="tag-toggle" class="dropdown-menu dropdown-md p-v-0">
<a class="dropdown-item" href="#">@Smoke</a><a class="dropdown-item" href="#">@ProductManagement</a><a class="dropdown-item" href="#">@AdminTest</a><a class="dropdown-item" href="#">@Regression</a><a class="dropdown-item" href="#">@NegativeTesting</a>
</ul>
</li>
</ul>
</div>    <div class="test-list-wrapper scrollable">
      <ul class="test-list-item">
        <li class="test-item"  status="fail" test-id="1"
          author=""
          tag=""
          device="">
          <div class="test-detail">
            <p class="name">Admin Panel and Order Management</p>
            <p class="text-sm">
              <span>1:50:57 PM</span> / <span>00:00:46:986</span>
              <span class="badge fail-bg log float-right">Fail</span>
            </p>
          </div>
          <div class="test-contents d-none">
<div class="detail-head">
<div class="p-v-10">
<div class="info">
<h5 class="test-status text-fail">Admin Panel and Order Management</h5>
<span class='badge badge-success'>02.17.2026 1:50:57 PM</span>
<span class='badge badge-danger'>02.17.2026 1:51:44 PM</span>
<span class='badge badge-default'>00:00:46:986</span>
&middot; <span class='uri-anchor badge badge-default'>#test-id=1</span>
<span class='badge badge-default pointer float-right ml-1 et'><i class="fa fa-chevron-down"></i></span>
<span class='badge badge-default pointer float-right ct'><i class="fa fa-chevron-up"></i></span>
</div>
<div class="m-t-10 m-l-5"> As an admin
I want to manage products, orders, and website content
So that I can operate the e-commerce platform effectively</div>
</div>
</div>
<div class="accordion mt-4">
  <div class="card">
    <div class="card-header" role="tab">
      <div class="card-title">
        <div class="node" id="2"><span class="badge log pass-bg mr-2">Pass</span>Add new product</div>
      </div>
    </div>
        <div class="collapse">
          <div class="card-body">
              <div class="step pass-bg" title="com.commerza.stepdefinitions.AdminPannel.AdminSteps.the_admin_navigates_to_admin_login_page()">
                <span>Given the admin navigates to admin login page</span>
      <div>
      </div>
              </div>
              <div class="step pass-bg" title="com.commerza.stepdefinitions.AdminPannel.AdminSteps.the_admin_is_logged_in_to_admin_panel()">
                <span>Given the admin is logged in to admin panel</span>
      <div>
      </div>
              </div>
              <div class="step pass-bg" title="com.commerza.stepdefinitions.AdminPannel.AdminSteps.the_admin_navigates_to_products_management_section()">
                <span>When the admin navigates to products management section</span>
      <div>
      </div>
              </div>
              <div class="step pass-bg" title="com.commerza.stepdefinitions.AdminPannel.AdminSteps.the_admin_clicks_on_add_new_product_button()">
                <span>And the admin clicks on add new product button</span>
      <div>
      </div>
              </div>
              <div class="step pass-bg" title="com.commerza.stepdefinitions.AdminPannel.AdminSteps.the_admin_enters_product_details(io.cucumber.datatable.DataTable)">
                <span>And the admin enters product details</span>
      <div><table class='markup-table table '><tr><td>Field</td><td>Value</td></tr><tr><td>Product Name</td><td>Premium Automatic Watch</td></tr><tr><td>Section</td><td>Automatic</td></tr><tr><td>Price</td><td>4500</td></tr><tr><td>SalePrice</td><td>2500</td></tr><tr><td>Stock Quantity</td><td>50</td></tr><tr><td>Movement Type</td><td>Quartz</td></tr><tr><td>Image Path</td><td>Image placeholder</td></tr><tr><td>Description</td><td>Elegant automatic watch</td></tr></table>
      </div>
      <div>
      </div>
              </div>
              <div class="step pass-bg" title="com.commerza.stepdefinitions.AdminPannel.AdminSteps.the_admin_uploads_product_images()">
                <span>And the admin uploads product images</span>
      <div>
      </div>
              </div>
              <div class="step pass-bg" title="com.commerza.stepdefinitions.AdminPannel.AdminSteps.the_admin_clicks_save_product_button()">
                <span>And the admin clicks save product button</span>
      <div>
      </div>
              </div>
              <div class="step pass-bg" title="com.commerza.stepdefinitions.AdminPannel.AdminSteps.the_product_should_be_added_successfully()">
                <span>Then the product should be added successfully</span>
      <div>
      </div>
              </div>
              <div class="step pass-bg" title="com.commerza.stepdefinitions.AdminPannel.AdminSteps.the_admin_should_see_success_message(java.lang.String)">
                <span>And the admin should see success message "Product added"</span>
      <div>
      </div>
              </div>
              <div class="step pass-bg" title="com.commerza.stepdefinitions.AdminPannel.AdminSteps.the_driver_clears_local_storage()">
                <span>And the driver clears local storage</span>
      <div>
      </div>
              </div>
          </div>
        </div>
  </div>
  <div class="card">
    <div class="card-header" role="tab">
      <div class="card-title">
        <div class="node" id="15"><span class="badge log fail-bg mr-2">Fail</span>Edit existing product</div>
          <div class="status-avatar float-right mr-4">
            <i class="fa fa-paperclip"></i>
          </div>
      </div>
    </div>
        <div class="">
          <div class="card-body">
              <div class="step pass-bg" title="com.commerza.stepdefinitions.AdminPannel.AdminSteps.the_admin_navigates_to_admin_login_page()">
                <span>Given the admin navigates to admin login page</span>
      <div>
      </div>
              </div>
              <div class="step pass-bg" title="com.commerza.stepdefinitions.AdminPannel.AdminSteps.the_admin_is_logged_in_to_admin_panel()">
                <span>Given the admin is logged in to admin panel</span>
      <div>
      </div>
              </div>
              <div class="step fail-bg" title="com.commerza.stepdefinitions.AdminPannel.AdminSteps.there_are_existing_products_in_the_system()">
                <span>And there are existing products in the system</span>
      <div>
        <textarea disabled class="code-block">org.openqa.selenium.TimeoutException: Expected condition failed: waiting for visibility of element located by By.id: productCount (tried for 20 second(s) with 500 milliseconds interval)
Build info: version: '4.18.1', revision: 'b1d3319b48'
System info: os.name: 'Linux', os.arch: 'amd64', os.version: '6.17.7-arch1-1', java.version: '21.0.9'
Driver info: org.openqa.selenium.chrome.ChromeDriver
Capabilities {acceptInsecureCerts: false, browserName: chrome, browserVersion: 145.0.7632.75, chrome: {chromedriverVersion: 145.0.7632.76 (ee36f024f43a..., userDataDir: /tmp/org.chromium.Chromium....}, fedcm:accounts: true, goog:chromeOptions: {debuggerAddress: localhost:44823}, goog:processID: 530071, networkConnectionEnabled: false, pageLoadStrategy: normal, platformName: linux, proxy: Proxy(), se:cdp: ws://localhost:44823/devtoo..., se:cdpVersion: 145.0.7632.75, setWindowRect: true, strictFileInteractability: false, timeouts: {implicit: 0, pageLoad: 300000, script: 30000}, unhandledPromptBehavior: dismiss and notify, webauthn:extension:credBlob: true, webauthn:extension:largeBlob: true, webauthn:extension:minPinLength: true, webauthn:extension:prf: true, webauthn:virtualAuthenticators: true}
Session ID: 54db5ae361b94897da7c15320c29463d
	at org.openqa.selenium.support.ui.WebDriverWait.timeoutException(WebDriverWait.java:84)
	at org.openqa.selenium.support.ui.FluentWait.until(FluentWait.java:228)
	at com.commerza.utils.ElementUtils.waitForElementToBeVisible(ElementUtils.java:53)
	at com.commerza.utils.ElementUtils.getText(ElementUtils.java:37)
	at com.commerza.pages.AdminProductManagementPage.getProductCount(AdminProductManagementPage.java:58)
	at com.commerza.stepdefinitions.AdminPannel.AdminSteps.there_are_existing_products_in_the_system(AdminSteps.java:529)
	at ✽.there are existing products in the system(file:///home/harshit_y/projects/Project_Testing/Ecommerce-Testing/ecommerce-testing/src/test/resources/features/AdminPannel/Admin.feature:59)
</textarea>
      
      </div>
              </div>
              <div class="step skip-bg" title="com.commerza.stepdefinitions.AdminPannel.AdminSteps.the_admin_navigates_to_products_management_section()">
                <span>When the admin navigates to products management section</span>
      <div>Step skipped
      </div>
              </div>
              <div class="step skip-bg" title="com.commerza.stepdefinitions.AdminPannel.AdminSteps.the_admin_clicks_on_edit_button_for_a_product()">
                <span>And the admin clicks on edit button for a product</span>
      <div>Step skipped
      </div>
              </div>
              <div class="step skip-bg" title="com.commerza.stepdefinitions.AdminPannel.AdminSteps.the_admin_updates_product_name_to(java.lang.String)">
                <span>And the admin updates product name to "Updated Watch Name"</span>
      <div>Step skipped
      </div>
              </div>
              <div class="step skip-bg" title="com.commerza.stepdefinitions.AdminPannel.AdminSteps.the_admin_updates_product_price_to(java.lang.String)">
                <span>And the admin updates product price to "5000"</span>
      <div>Step skipped
      </div>
              </div>
              <div class="step skip-bg" title="com.commerza.stepdefinitions.AdminPannel.AdminSteps.the_admin_clicks_update_product_button()">
                <span>And the admin clicks update product button</span>
      <div>Step skipped
      </div>
              </div>
              <div class="step skip-bg" title="com.commerza.stepdefinitions.AdminPannel.AdminSteps.the_product_should_be_updated_successfully()">
                <span>Then the product should be updated successfully</span>
      <div>Step skipped
      </div>
              </div>
              <div class="step skip-bg" title="com.commerza.stepdefinitions.AdminPannel.AdminSteps.the_updated_details_should_be_saved()">
                <span>And the updated details should be saved</span>
      <div>Step skipped
      </div>
              </div>
              <div class="step skip-bg" title="com.commerza.stepdefinitions.AdminPannel.AdminSteps.the_driver_clears_local_storage()">
                <span>And the driver clears local storage</span>
      <div>Step skipped
      </div>
              </div>
              <div class="step pass-bg" title="AFTER">
                <span>com.commerza.hooks.Hooks.tearDown(io.cucumber.java.Scenario)</span>
      <div>Edit existing product
          <div class="row mb-3"><div class="col-md-3">
<img data-featherlight='../screenshots/embedded1.png' src="../screenshots/embedded1.png">
    
    </div></div>
</div>
      <div>
      </div>
              </div>
          </div>
        </div>
  </div>
  <div class="card">
    <div class="card-header" role="tab">
      <div class="card-title">
        <div class="node" id="29"><span class="badge log fail-bg mr-2">Fail</span>Delete product</div>
      </div>
    </div>
        <div class="">
          <div class="card-body">
              <div class="step pass-bg" title="com.commerza.stepdefinitions.AdminPannel.AdminSteps.the_admin_navigates_to_admin_login_page()">
                <span>Given the admin navigates to admin login page</span>
      <div>
      </div>
              </div>
              <div class="step fail-bg" title="com.commerza.stepdefinitions.AdminPannel.AdminSteps.the_admin_is_logged_in_to_admin_panel()">
                <span>Given the admin is logged in to admin panel</span>
      <div>
        <textarea disabled class="code-block">org.openqa.selenium.NoSuchSessionException: invalid session id: session deleted as the browser has closed the connection
from disconnected: unable to send message to renderer
  (Session info: chrome=145.0.7632.75)
Build info: version: '4.18.1', revision: 'b1d3319b48'
System info: os.name: 'Linux', os.arch: 'amd64', os.version: '6.17.7-arch1-1', java.version: '21.0.9'
Driver info: org.openqa.selenium.chrome.ChromeDriver
Command: [54db5ae361b94897da7c15320c29463d, findElement {using=id, value=admin-email}]
Capabilities {acceptInsecureCerts: false, browserName: chrome, browserVersion: 145.0.7632.75, chrome: {chromedriverVersion: 145.0.7632.76 (ee36f024f43a..., userDataDir: /tmp/org.chromium.Chromium....}, fedcm:accounts: true, goog:chromeOptions: {debuggerAddress: localhost:44823}, goog:processID: 530071, networkConnectionEnabled: false, pageLoadStrategy: normal, platformName: linux, proxy: Proxy(), se:cdp: ws://localhost:44823/devtoo..., se:cdpVersion: 145.0.7632.75, setWindowRect: true, strictFileInteractability: false, timeouts: {implicit: 0, pageLoad: 300000, script: 30000}, unhandledPromptBehavior: dismiss and notify, webauthn:extension:credBlob: true, webauthn:extension:largeBlob: true, webauthn:extension:minPinLength: true, webauthn:extension:prf: true, webauthn:virtualAuthenticators: true}
Session ID: 54db5ae361b94897da7c15320c29463d
	at java.base/jdk.internal.reflect.DirectConstructorHandleAccessor.newInstance(DirectConstructorHandleAccessor.java:62)
	at java.base/java.lang.reflect.Constructor.newInstanceWithCaller(Constructor.java:502)
	at java.base/java.lang.reflect.Constructor.newInstance(Constructor.java:486)
	at org.openqa.selenium.remote.ErrorCodec.decode(ErrorCodec.java:167)
	at org.openqa.selenium.remote.codec.w3c.W3CHttpResponseCodec.decode(W3CHttpResponseCodec.java:138)
	at org.openqa.selenium.remote.codec.w3c.W3CHttpResponseCodec.decode(W3CHttpResponseCodec.java:50)
	at org.openqa.selenium.remote.HttpCommandExecutor.execute(HttpCommandExecutor.java:190)
	at org.openqa.selenium.remote.service.DriverCommandExecutor.invokeExecute(DriverCommandExecutor.java:216)
	at org.openqa.selenium.remote.service.DriverCommandExecutor.execute(DriverCommandExecutor.java:174)
	at org.openqa.selenium.remote.RemoteWebDriver.execute(RemoteWebDriver.java:519)
	at org.openqa.selenium.remote.ElementLocation$ElementFinder$2.findElement(ElementLocation.java:165)
	at org.openqa.selenium.remote.ElementLocation.findElement(ElementLocation.java:59)
	at org.openqa.selenium.remote.RemoteWebDriver.findElement(RemoteWebDriver.java:356)
	at org.openqa.selenium.remote.RemoteWebDriver.findElement(RemoteWebDriver.java:350)
	at org.openqa.selenium.support.ui.ExpectedConditions$7.apply(ExpectedConditions.java:194)
	at org.openqa.selenium.support.ui.ExpectedConditions$7.apply(ExpectedConditions.java:190)
	at org.openqa.selenium.support.ui.FluentWait.until(FluentWait.java:203)
	at com.commerza.utils.ElementUtils.waitForElementToBeVisible(ElementUtils.java:53)
	at com.commerza.utils.ElementUtils.sendKeys(ElementUtils.java:31)
	at com.commerza.pages.AdminLoginPage.enterEmail(AdminLoginPage.java:32)
	at com.commerza.pages.AdminLoginPage.login(AdminLoginPage.java:68)
	at com.commerza.stepdefinitions.AdminPannel.AdminSteps.the_admin_is_logged_in_to_admin_panel(AdminSteps.java:122)
	at ✽.the admin is logged in to admin panel(file:///home/harshit_y/projects/Project_Testing/Ecommerce-Testing/ecommerce-testing/src/test/resources/features/AdminPannel/Admin.feature:71)
</textarea>
      
      </div>
              </div>
              <div class="step skip-bg" title="com.commerza.stepdefinitions.AdminPannel.AdminSteps.there_are_existing_products_in_the_system()">
                <span>And there are existing products in the system</span>
      <div>Step skipped
      </div>
              </div>
              <div class="step skip-bg" title="com.commerza.stepdefinitions.AdminPannel.AdminSteps.the_admin_navigates_to_products_management_section()">
                <span>When the admin navigates to products management section</span>
      <div>Step skipped
      </div>
              </div>
              <div class="step skip-bg" title="com.commerza.stepdefinitions.AdminPannel.AdminSteps.the_admin_clicks_on_delete_button_for_a_product()">
                <span>And the admin clicks on delete button for a product</span>
      <div>Step skipped
      </div>
              </div>
              <div class="step skip-bg" title="com.commerza.stepdefinitions.AdminPannel.AdminSteps.the_admin_confirms_deletion()">
                <span>And the admin confirms deletion</span>
      <div>Step skipped
      </div>
              </div>
              <div class="step skip-bg" title="com.commerza.stepdefinitions.AdminPannel.AdminSteps.the_product_should_be_deleted_successfully()">
                <span>Then the product should be deleted successfully</span>
      <div>Step skipped
      </div>
              </div>
              <div class="step skip-bg" title="com.commerza.stepdefinitions.AdminPannel.AdminSteps.the_product_should_no_longer_appear_in_product_list()">
                <span>And the product should no longer appear in product list</span>
      <div>Step skipped
      </div>
              </div>
              <div class="step skip-bg" title="com.commerza.stepdefinitions.AdminPannel.AdminSteps.the_driver_clears_local_storage()">
                <span>And the driver clears local storage</span>
      <div>Step skipped
      </div>
              </div>
          </div>
        </div>
  </div>
  <div class="card">
    <div class="card-header" role="tab">
      <div class="card-title">
        <div class="node" id="41"><span class="badge log fail-bg mr-2">Fail</span>Update product stock</div>
      </div>
    </div>
        <div class="">
          <div class="card-body">
              <div class="step fail-bg" title="com.commerza.stepdefinitions.AdminPannel.AdminSteps.the_admin_navigates_to_admin_login_page()">
                <span>Given the admin navigates to admin login page</span>
      <div>
        <textarea disabled class="code-block">org.openqa.selenium.NoSuchSessionException: invalid session id
Build info: version: '4.18.1', revision: 'b1d3319b48'
System info: os.name: 'Linux', os.arch: 'amd64', os.version: '6.17.7-arch1-1', java.version: '21.0.9'
Driver info: org.openqa.selenium.chrome.ChromeDriver
Command: [54db5ae361b94897da7c15320c29463d, get {url=https://project-testing-mu.vercel.app/admin/frontend/admin-login.html}]
Capabilities {acceptInsecureCerts: false, browserName: chrome, browserVersion: 145.0.7632.75, chrome: {chromedriverVersion: 145.0.7632.76 (ee36f024f43a..., userDataDir: /tmp/org.chromium.Chromium....}, fedcm:accounts: true, goog:chromeOptions: {debuggerAddress: localhost:44823}, goog:processID: 530071, networkConnectionEnabled: false, pageLoadStrategy: normal, platformName: linux, proxy: Proxy(), se:cdp: ws://localhost:44823/devtoo..., se:cdpVersion: 145.0.7632.75, setWindowRect: true, strictFileInteractability: false, timeouts: {implicit: 0, pageLoad: 300000, script: 30000}, unhandledPromptBehavior: dismiss and notify, webauthn:extension:credBlob: true, webauthn:extension:largeBlob: true, webauthn:extension:minPinLength: true, webauthn:extension:prf: true, webauthn:virtualAuthenticators: true}
Session ID: 54db5ae361b94897da7c15320c29463d
	at java.base/jdk.internal.reflect.DirectConstructorHandleAccessor.newInstance(DirectConstructorHandleAccessor.java:62)
	at java.base/java.lang.reflect.Constructor.newInstanceWithCaller(Constructor.java:502)
	at java.base/java.lang.reflect.Constructor.newInstance(Constructor.java:486)
	at org.openqa.selenium.remote.ErrorCodec.decode(ErrorCodec.java:167)
	at org.openqa.selenium.remote.codec.w3c.W3CHttpResponseCodec.decode(W3CHttpResponseCodec.java:138)
	at org.openqa.selenium.remote.codec.w3c.W3CHttpResponseCodec.decode(W3CHttpResponseCodec.java:50)
	at org.openqa.selenium.remote.HttpCommandExecutor.execute(HttpCommandExecutor.java:190)
	at org.openqa.selenium.remote.service.DriverCommandExecutor.invokeExecute(DriverCommandExecutor.java:216)
	at org.openqa.selenium.remote.service.DriverCommandExecutor.execute(DriverCommandExecutor.java:174)
	at org.openqa.selenium.remote.RemoteWebDriver.execute(RemoteWebDriver.java:519)
	at org.openqa.selenium.remote.RemoteWebDriver.get(RemoteWebDriver.java:301)
	at com.commerza.pages.AdminLoginPage.navigateToAdminLoginPage(AdminLoginPage.java:28)
	at com.commerza.stepdefinitions.AdminPannel.AdminSteps.the_admin_navigates_to_admin_login_page(AdminSteps.java:47)
	at ✽.the admin navigates to admin login page(file:///home/harshit_y/projects/Project_Testing/Ecommerce-Testing/ecommerce-testing/src/test/resources/features/AdminPannel/Admin.feature:8)
</textarea>
      
      </div>
              </div>
              <div class="step skip-bg" title="com.commerza.stepdefinitions.AdminPannel.AdminSteps.the_admin_is_logged_in_to_admin_panel()">
                <span>Given the admin is logged in to admin panel</span>
      <div>Step skipped
      </div>
              </div>
              <div class="step skip-bg" title="com.commerza.stepdefinitions.AdminPannel.AdminSteps.the_admin_navigates_to_products_management_section()">
                <span>When the admin navigates to products management section</span>
      <div>Step skipped
      </div>
              </div>
              <div class="step skip-bg" title="com.commerza.stepdefinitions.AdminPannel.AdminSteps.the_admin_clicks_on_a_product_to_edit()">
                <span>And the admin clicks on a product to edit</span>
      <div>Step skipped
      </div>
              </div>
              <div class="step skip-bg" title="com.commerza.stepdefinitions.AdminPannel.AdminSteps.the_admin_updates_stock_quantity_to(java.lang.String)">
                <span>And the admin updates stock quantity to "100"</span>
      <div>Step skipped
      </div>
              </div>
              <div class="step skip-bg" title="com.commerza.stepdefinitions.AdminPannel.AdminSteps.the_admin_clicks_save_changes()">
                <span>And the admin clicks save changes</span>
      <div>Step skipped
      </div>
              </div>
              <div class="step skip-bg" title="com.commerza.stepdefinitions.AdminPannel.AdminSteps.the_stock_quantity_should_be_updated()">
                <span>Then the stock quantity should be updated</span>
      <div>Step skipped
      </div>
              </div>
              <div class="step skip-bg" title="com.commerza.stepdefinitions.AdminPannel.AdminSteps.the_updated_stock_should_be_reflected()">
                <span>And the updated stock should be reflected</span>
      <div>Step skipped
      </div>
              </div>
              <div class="step skip-bg" title="com.commerza.stepdefinitions.AdminPannel.AdminSteps.the_driver_clears_local_storage()">
                <span>And the driver clears local storage</span>
      <div>Step skipped
      </div>
              </div>
          </div>
        </div>
  </div>
  <div class="card">
    <div class="card-header" role="tab">
      <div class="card-title">
        <div class="node" id="53"><span class="badge log fail-bg mr-2">Fail</span>Set product as featured</div>
      </div>
    </div>
        <div class="">
          <div class="card-body">
              <div class="step fail-bg" title="com.commerza.stepdefinitions.AdminPannel.AdminSteps.the_admin_navigates_to_admin_login_page()">
                <span>Given the admin navigates to admin login page</span>
      <div>
        <textarea disabled class="code-block">org.openqa.selenium.NoSuchSessionException: invalid session id
Build info: version: '4.18.1', revision: 'b1d3319b48'
System info: os.name: 'Linux', os.arch: 'amd64', os.version: '6.17.7-arch1-1', java.version: '21.0.9'
Driver info: org.openqa.selenium.chrome.ChromeDriver
Command: [54db5ae361b94897da7c15320c29463d, get {url=https://project-testing-mu.vercel.app/admin/frontend/admin-login.html}]
Capabilities {acceptInsecureCerts: false, browserName: chrome, browserVersion: 145.0.7632.75, chrome: {chromedriverVersion: 145.0.7632.76 (ee36f024f43a..., userDataDir: /tmp/org.chromium.Chromium....}, fedcm:accounts: true, goog:chromeOptions: {debuggerAddress: localhost:44823}, goog:processID: 530071, networkConnectionEnabled: false, pageLoadStrategy: normal, platformName: linux, proxy: Proxy(), se:cdp: ws://localhost:44823/devtoo..., se:cdpVersion: 145.0.7632.75, setWindowRect: true, strictFileInteractability: false, timeouts: {implicit: 0, pageLoad: 300000, script: 30000}, unhandledPromptBehavior: dismiss and notify, webauthn:extension:credBlob: true, webauthn:extension:largeBlob: true, webauthn:extension:minPinLength: true, webauthn:extension:prf: true, webauthn:virtualAuthenticators: true}
Session ID: 54db5ae361b94897da7c15320c29463d
	at java.base/jdk.internal.reflect.DirectConstructorHandleAccessor.newInstance(DirectConstructorHandleAccessor.java:62)
	at java.base/java.lang.reflect.Constructor.newInstanceWithCaller(Constructor.java:502)
	at java.base/java.lang.reflect.Constructor.newInstance(Constructor.java:486)
	at org.openqa.selenium.remote.ErrorCodec.decode(ErrorCodec.java:167)
	at org.openqa.selenium.remote.codec.w3c.W3CHttpResponseCodec.decode(W3CHttpResponseCodec.java:138)
	at org.openqa.selenium.remote.codec.w3c.W3CHttpResponseCodec.decode(W3CHttpResponseCodec.java:50)
	at org.openqa.selenium.remote.HttpCommandExecutor.execute(HttpCommandExecutor.java:190)
	at org.openqa.selenium.remote.service.DriverCommandExecutor.invokeExecute(DriverCommandExecutor.java:216)
	at org.openqa.selenium.remote.service.DriverCommandExecutor.execute(DriverCommandExecutor.java:174)
	at org.openqa.selenium.remote.RemoteWebDriver.execute(RemoteWebDriver.java:519)
	at org.openqa.selenium.remote.RemoteWebDriver.get(RemoteWebDriver.java:301)
	at com.commerza.pages.AdminLoginPage.navigateToAdminLoginPage(AdminLoginPage.java:28)
	at com.commerza.stepdefinitions.AdminPannel.AdminSteps.the_admin_navigates_to_admin_login_page(AdminSteps.java:47)
	at ✽.the admin navigates to admin login page(file:///home/harshit_y/projects/Project_Testing/Ecommerce-Testing/ecommerce-testing/src/test/resources/features/AdminPannel/Admin.feature:8)
</textarea>
      
      </div>
              </div>
              <div class="step skip-bg" title="com.commerza.stepdefinitions.AdminPannel.AdminSteps.the_admin_is_logged_in_to_admin_panel()">
                <span>Given the admin is logged in to admin panel</span>
      <div>Step skipped
      </div>
              </div>
              <div class="step skip-bg" title="com.commerza.stepdefinitions.AdminPannel.AdminSteps.the_admin_navigates_to_products_management_section()">
                <span>When the admin navigates to products management section</span>
      <div>Step skipped
      </div>
              </div>
              <div class="step skip-bg" title="com.commerza.stepdefinitions.AdminPannel.AdminSteps.the_admin_selects_a_product()">
                <span>And the admin selects a product</span>
      <div>Step skipped
      </div>
              </div>
              <div class="step skip-bg" title="com.commerza.stepdefinitions.AdminPannel.AdminSteps.the_admin_marks_product_as_featured()">
                <span>And the admin marks product as featured</span>
      <div>Step skipped
      </div>
              </div>
              <div class="step skip-bg" title="com.commerza.stepdefinitions.AdminPannel.AdminSteps.the_admin_saves_changes()">
                <span>And the admin saves changes</span>
      <div>Step skipped
      </div>
              </div>
              <div class="step skip-bg" title="com.commerza.stepdefinitions.AdminPannel.AdminSteps.the_product_should_appear_in_featured_section()">
                <span>Then the product should appear in featured section</span>
      <div>Step skipped
      </div>
              </div>
              <div class="step skip-bg" title="com.commerza.stepdefinitions.AdminPannel.AdminSteps.the_driver_clears_local_storage()">
                <span>And the driver clears local storage</span>
      <div>Step skipped
      </div>
              </div>
          </div>
        </div>
  </div>
  <div class="card">
    <div class="card-header" role="tab">
      <div class="card-title">
        <div class="node" id="64"><span class="badge log fail-bg mr-2">Fail</span>Add product with missing required fields</div>
      </div>
    </div>
        <div class="scenario_outline ">
            <div class="card-body l1">
              <div class="card-header">
                <div class="card-title outline-child">
                  <div class="node" id="65"><span class="badge log fail-bg mr-2">Fail</span>Add product with missing required fields</div>
                </div>
              </div>
              <div class="card-body mt-3 ">
                  <div class="step fail-bg">
                    <span>Given the admin navigates to admin login page</span>
      <div>
        <textarea disabled class="code-block">org.openqa.selenium.NoSuchSessionException: invalid session id
Build info: version: '4.18.1', revision: 'b1d3319b48'
System info: os.name: 'Linux', os.arch: 'amd64', os.version: '6.17.7-arch1-1', java.version: '21.0.9'
Driver info: org.openqa.selenium.chrome.ChromeDriver
Command: [54db5ae361b94897da7c15320c29463d, get {url=https://project-testing-mu.vercel.app/admin/frontend/admin-login.html}]
Capabilities {acceptInsecureCerts: false, browserName: chrome, browserVersion: 145.0.7632.75, chrome: {chromedriverVersion: 145.0.7632.76 (ee36f024f43a..., userDataDir: /tmp/org.chromium.Chromium....}, fedcm:accounts: true, goog:chromeOptions: {debuggerAddress: localhost:44823}, goog:processID: 530071, networkConnectionEnabled: false, pageLoadStrategy: normal, platformName: linux, proxy: Proxy(), se:cdp: ws://localhost:44823/devtoo..., se:cdpVersion: 145.0.7632.75, setWindowRect: true, strictFileInteractability: false, timeouts: {implicit: 0, pageLoad: 300000, script: 30000}, unhandledPromptBehavior: dismiss and notify, webauthn:extension:credBlob: true, webauthn:extension:largeBlob: true, webauthn:extension:minPinLength: true, webauthn:extension:prf: true, webauthn:virtualAuthenticators: true}
Session ID: 54db5ae361b94897da7c15320c29463d
	at java.base/jdk.internal.reflect.DirectConstructorHandleAccessor.newInstance(DirectConstructorHandleAccessor.java:62)
	at java.base/java.lang.reflect.Constructor.newInstanceWithCaller(Constructor.java:502)
	at java.base/java.lang.reflect.Constructor.newInstance(Constructor.java:486)
	at org.openqa.selenium.remote.ErrorCodec.decode(ErrorCodec.java:167)
	at org.openqa.selenium.remote.codec.w3c.W3CHttpResponseCodec.decode(W3CHttpResponseCodec.java:138)
	at org.openqa.selenium.remote.codec.w3c.W3CHttpResponseCodec.decode(W3CHttpResponseCodec.java:50)
	at org.openqa.selenium.remote.HttpCommandExecutor.execute(HttpCommandExecutor.java:190)
	at org.openqa.selenium.remote.service.DriverCommandExecutor.invokeExecute(DriverCommandExecutor.java:216)
	at org.openqa.selenium.remote.service.DriverCommandExecutor.execute(DriverCommandExecutor.java:174)
	at org.openqa.selenium.remote.RemoteWebDriver.execute(RemoteWebDriver.java:519)
	at org.openqa.selenium.remote.RemoteWebDriver.get(RemoteWebDriver.java:301)
	at com.commerza.pages.AdminLoginPage.navigateToAdminLoginPage(AdminLoginPage.java:28)
	at com.commerza.stepdefinitions.AdminPannel.AdminSteps.the_admin_navigates_to_admin_login_page(AdminSteps.java:47)
	at ✽.the admin navigates to admin login page(file:///home/harshit_y/projects/Project_Testing/Ecommerce-Testing/ecommerce-testing/src/test/resources/features/AdminPannel/Admin.feature:8)
</textarea>
      
      </div>
                  </div>
                  <div class="step skip-bg">
                    <span>Given the admin is logged in to admin panel</span>
      <div>Step skipped
      </div>
                  </div>
                  <div class="step skip-bg">
                    <span>When the admin navigates to products management section</span>
      <div>Step skipped
      </div>
                  </div>
                  <div class="step skip-bg">
                    <span>And the admin clicks on add new product button</span>
      <div>Step skipped
      </div>
                  </div>
                  <div class="step skip-bg">
                    <span>And the admin leaves "Product Name" empty</span>
      <div>Step skipped
      </div>
                  </div>
                  <div class="step skip-bg">
                    <span>And the admin clicks save product button</span>
      <div>Step skipped
      </div>
                  </div>
                  <div class="step skip-bg">
                    <span>Then the admin should see validation error for "Product Name"</span>
      <div>Step skipped
      </div>
                  </div>
                  <div class="step skip-bg">
                    <span>And the driver clears local storage</span>
      <div>Step skipped
      </div>
                  </div>
              </div>
            </div>
            <div class="card-body l1">
              <div class="card-header">
                <div class="card-title outline-child">
                  <div class="node" id="76"><span class="badge log fail-bg mr-2">Fail</span>Add product with missing required fields</div>
                </div>
              </div>
              <div class="card-body mt-3 ">
                  <div class="step fail-bg">
                    <span>Given the admin navigates to admin login page</span>
      <div>
        <textarea disabled class="code-block">org.openqa.selenium.NoSuchSessionException: invalid session id
Build info: version: '4.18.1', revision: 'b1d3319b48'
System info: os.name: 'Linux', os.arch: 'amd64', os.version: '6.17.7-arch1-1', java.version: '21.0.9'
Driver info: org.openqa.selenium.chrome.ChromeDriver
Command: [54db5ae361b94897da7c15320c29463d, get {url=https://project-testing-mu.vercel.app/admin/frontend/admin-login.html}]
Capabilities {acceptInsecureCerts: false, browserName: chrome, browserVersion: 145.0.7632.75, chrome: {chromedriverVersion: 145.0.7632.76 (ee36f024f43a..., userDataDir: /tmp/org.chromium.Chromium....}, fedcm:accounts: true, goog:chromeOptions: {debuggerAddress: localhost:44823}, goog:processID: 530071, networkConnectionEnabled: false, pageLoadStrategy: normal, platformName: linux, proxy: Proxy(), se:cdp: ws://localhost:44823/devtoo..., se:cdpVersion: 145.0.7632.75, setWindowRect: true, strictFileInteractability: false, timeouts: {implicit: 0, pageLoad: 300000, script: 30000}, unhandledPromptBehavior: dismiss and notify, webauthn:extension:credBlob: true, webauthn:extension:largeBlob: true, webauthn:extension:minPinLength: true, webauthn:extension:prf: true, webauthn:virtualAuthenticators: true}
Session ID: 54db5ae361b94897da7c15320c29463d
	at java.base/jdk.internal.reflect.DirectConstructorHandleAccessor.newInstance(DirectConstructorHandleAccessor.java:62)
	at java.base/java.lang.reflect.Constructor.newInstanceWithCaller(Constructor.java:502)
	at java.base/java.lang.reflect.Constructor.newInstance(Constructor.java:486)
	at org.openqa.selenium.remote.ErrorCodec.decode(ErrorCodec.java:167)
	at org.openqa.selenium.remote.codec.w3c.W3CHttpResponseCodec.decode(W3CHttpResponseCodec.java:138)
	at org.openqa.selenium.remote.codec.w3c.W3CHttpResponseCodec.decode(W3CHttpResponseCodec.java:50)
	at org.openqa.selenium.remote.HttpCommandExecutor.execute(HttpCommandExecutor.java:190)
	at org.openqa.selenium.remote.service.DriverCommandExecutor.invokeExecute(DriverCommandExecutor.java:216)
	at org.openqa.selenium.remote.service.DriverCommandExecutor.execute(DriverCommandExecutor.java:174)
	at org.openqa.selenium.remote.RemoteWebDriver.execute(RemoteWebDriver.java:519)
	at org.openqa.selenium.remote.RemoteWebDriver.get(RemoteWebDriver.java:301)
	at com.commerza.pages.AdminLoginPage.navigateToAdminLoginPage(AdminLoginPage.java:28)
	at com.commerza.stepdefinitions.AdminPannel.AdminSteps.the_admin_navigates_to_admin_login_page(AdminSteps.java:47)
	at ✽.the admin navigates to admin login page(file:///home/harshit_y/projects/Project_Testing/Ecommerce-Testing/ecommerce-testing/src/test/resources/features/AdminPannel/Admin.feature:8)
</textarea>
      
      </div>
                  </div>
                  <div class="step skip-bg">
                    <span>Given the admin is logged in to admin panel</span>
      <div>Step skipped
      </div>
                  </div>
                  <div class="step skip-bg">
                    <span>When the admin navigates to products management section</span>
      <div>Step skipped
      </div>
                  </div>
                  <div class="step skip-bg">
                    <span>And the admin clicks on add new product button</span>
      <div>Step skipped
      </div>
                  </div>
                  <div class="step skip-bg">
                    <span>And the admin leaves "Price" empty</span>
      <div>Step skipped
      </div>
                  </div>
                  <div class="step skip-bg">
                    <span>And the admin clicks save product button</span>
      <div>Step skipped
      </div>
                  </div>
                  <div class="step skip-bg">
                    <span>Then the admin should see validation error for "Price"</span>
      <div>Step skipped
      </div>
                  </div>
                  <div class="step skip-bg">
                    <span>And the driver clears local storage</span>
      <div>Step skipped
      </div>
                  </div>
              </div>
            </div>
            <div class="card-body l1">
              <div class="card-header">
                <div class="card-title outline-child">
                  <div class="node" id="87"><span class="badge log fail-bg mr-2">Fail</span>Add product with missing required fields</div>
                </div>
              </div>
              <div class="card-body mt-3 ">
                  <div class="step fail-bg">
                    <span>Given the admin navigates to admin login page</span>
      <div>
        <textarea disabled class="code-block">org.openqa.selenium.NoSuchSessionException: invalid session id
Build info: version: '4.18.1', revision: 'b1d3319b48'
System info: os.name: 'Linux', os.arch: 'amd64', os.version: '6.17.7-arch1-1', java.version: '21.0.9'
Driver info: org.openqa.selenium.chrome.ChromeDriver
Command: [54db5ae361b94897da7c15320c29463d, get {url=https://project-testing-mu.vercel.app/admin/frontend/admin-login.html}]
Capabilities {acceptInsecureCerts: false, browserName: chrome, browserVersion: 145.0.7632.75, chrome: {chromedriverVersion: 145.0.7632.76 (ee36f024f43a..., userDataDir: /tmp/org.chromium.Chromium....}, fedcm:accounts: true, goog:chromeOptions: {debuggerAddress: localhost:44823}, goog:processID: 530071, networkConnectionEnabled: false, pageLoadStrategy: normal, platformName: linux, proxy: Proxy(), se:cdp: ws://localhost:44823/devtoo..., se:cdpVersion: 145.0.7632.75, setWindowRect: true, strictFileInteractability: false, timeouts: {implicit: 0, pageLoad: 300000, script: 30000}, unhandledPromptBehavior: dismiss and notify, webauthn:extension:credBlob: true, webauthn:extension:largeBlob: true, webauthn:extension:minPinLength: true, webauthn:extension:prf: true, webauthn:virtualAuthenticators: true}
Session ID: 54db5ae361b94897da7c15320c29463d
	at java.base/jdk.internal.reflect.DirectConstructorHandleAccessor.newInstance(DirectConstructorHandleAccessor.java:62)
	at java.base/java.lang.reflect.Constructor.newInstanceWithCaller(Constructor.java:502)
	at java.base/java.lang.reflect.Constructor.newInstance(Constructor.java:486)
	at org.openqa.selenium.remote.ErrorCodec.decode(ErrorCodec.java:167)
	at org.openqa.selenium.remote.codec.w3c.W3CHttpResponseCodec.decode(W3CHttpResponseCodec.java:138)
	at org.openqa.selenium.remote.codec.w3c.W3CHttpResponseCodec.decode(W3CHttpResponseCodec.java:50)
	at org.openqa.selenium.remote.HttpCommandExecutor.execute(HttpCommandExecutor.java:190)
	at org.openqa.selenium.remote.service.DriverCommandExecutor.invokeExecute(DriverCommandExecutor.java:216)
	at org.openqa.selenium.remote.service.DriverCommandExecutor.execute(DriverCommandExecutor.java:174)
	at org.openqa.selenium.remote.RemoteWebDriver.execute(RemoteWebDriver.java:519)
	at org.openqa.selenium.remote.RemoteWebDriver.get(RemoteWebDriver.java:301)
	at com.commerza.pages.AdminLoginPage.navigateToAdminLoginPage(AdminLoginPage.java:28)
	at com.commerza.stepdefinitions.AdminPannel.AdminSteps.the_admin_navigates_to_admin_login_page(AdminSteps.java:47)
	at ✽.the admin navigates to admin login page(file:///home/harshit_y/projects/Project_Testing/Ecommerce-Testing/ecommerce-testing/src/test/resources/features/AdminPannel/Admin.feature:8)
</textarea>
      
      </div>
                  </div>
                  <div class="step skip-bg">
                    <span>Given the admin is logged in to admin panel</span>
      <div>Step skipped
      </div>
                  </div>
                  <div class="step skip-bg">
                    <span>When the admin navigates to products management section</span>
      <div>Step skipped
      </div>
                  </div>
                  <div class="step skip-bg">
                    <span>And the admin clicks on add new product button</span>
      <div>Step skipped
      </div>
                  </div>
                  <div class="step skip-bg">
                    <span>And the admin leaves "Category" empty</span>
      <div>Step skipped
      </div>
                  </div>
                  <div class="step skip-bg">
                    <span>And the admin clicks save product button</span>
      <div>Step skipped
      </div>
                  </div>
                  <div class="step skip-bg">
                    <span>Then the admin should see validation error for "Category"</span>
      <div>Step skipped
      </div>
                  </div>
                  <div class="step skip-bg">
                    <span>And the driver clears local storage</span>
      <div>Step skipped
      </div>
                  </div>
              </div>
            </div>
            <div class="card-body l1">
              <div class="card-header">
                <div class="card-title outline-child">
                  <div class="node" id="98"><span class="badge log fail-bg mr-2">Fail</span>Add product with missing required fields</div>
                </div>
              </div>
              <div class="card-body mt-3 ">
                  <div class="step fail-bg">
                    <span>Given the admin navigates to admin login page</span>
      <div>
        <textarea disabled class="code-block">org.openqa.selenium.NoSuchSessionException: invalid session id
Build info: version: '4.18.1', revision: 'b1d3319b48'
System info: os.name: 'Linux', os.arch: 'amd64', os.version: '6.17.7-arch1-1', java.version: '21.0.9'
Driver info: org.openqa.selenium.chrome.ChromeDriver
Command: [54db5ae361b94897da7c15320c29463d, get {url=https://project-testing-mu.vercel.app/admin/frontend/admin-login.html}]
Capabilities {acceptInsecureCerts: false, browserName: chrome, browserVersion: 145.0.7632.75, chrome: {chromedriverVersion: 145.0.7632.76 (ee36f024f43a..., userDataDir: /tmp/org.chromium.Chromium....}, fedcm:accounts: true, goog:chromeOptions: {debuggerAddress: localhost:44823}, goog:processID: 530071, networkConnectionEnabled: false, pageLoadStrategy: normal, platformName: linux, proxy: Proxy(), se:cdp: ws://localhost:44823/devtoo..., se:cdpVersion: 145.0.7632.75, setWindowRect: true, strictFileInteractability: false, timeouts: {implicit: 0, pageLoad: 300000, script: 30000}, unhandledPromptBehavior: dismiss and notify, webauthn:extension:credBlob: true, webauthn:extension:largeBlob: true, webauthn:extension:minPinLength: true, webauthn:extension:prf: true, webauthn:virtualAuthenticators: true}
Session ID: 54db5ae361b94897da7c15320c29463d
	at java.base/jdk.internal.reflect.DirectConstructorHandleAccessor.newInstance(DirectConstructorHandleAccessor.java:62)
	at java.base/java.lang.reflect.Constructor.newInstanceWithCaller(Constructor.java:502)
	at java.base/java.lang.reflect.Constructor.newInstance(Constructor.java:486)
	at org.openqa.selenium.remote.ErrorCodec.decode(ErrorCodec.java:167)
	at org.openqa.selenium.remote.codec.w3c.W3CHttpResponseCodec.decode(W3CHttpResponseCodec.java:138)
	at org.openqa.selenium.remote.codec.w3c.W3CHttpResponseCodec.decode(W3CHttpResponseCodec.java:50)
	at org.openqa.selenium.remote.HttpCommandExecutor.execute(HttpCommandExecutor.java:190)
	at org.openqa.selenium.remote.service.DriverCommandExecutor.invokeExecute(DriverCommandExecutor.java:216)
	at org.openqa.selenium.remote.service.DriverCommandExecutor.execute(DriverCommandExecutor.java:174)
	at org.openqa.selenium.remote.RemoteWebDriver.execute(RemoteWebDriver.java:519)
	at org.openqa.selenium.remote.RemoteWebDriver.get(RemoteWebDriver.java:301)
	at com.commerza.pages.AdminLoginPage.navigateToAdminLoginPage(AdminLoginPage.java:28)
	at com.commerza.stepdefinitions.AdminPannel.AdminSteps.the_admin_navigates_to_admin_login_page(AdminSteps.java:47)
	at ✽.the admin navigates to admin login page(file:///home/harshit_y/projects/Project_Testing/Ecommerce-Testing/ecommerce-testing/src/test/resources/features/AdminPannel/Admin.feature:8)
</textarea>
      
      </div>
                  </div>
                  <div class="step skip-bg">
                    <span>Given the admin is logged in to admin panel</span>
      <div>Step skipped
      </div>
                  </div>
                  <div class="step skip-bg">
                    <span>When the admin navigates to products management section</span>
      <div>Step skipped
      </div>
                  </div>
                  <div class="step skip-bg">
                    <span>And the admin clicks on add new product button</span>
      <div>Step skipped
      </div>
                  </div>
                  <div class="step skip-bg">
                    <span>And the admin leaves "Stock Quantity" empty</span>
      <div>Step skipped
      </div>
                  </div>
                  <div class="step skip-bg">
                    <span>And the admin clicks save product button</span>
      <div>Step skipped
      </div>
                  </div>
                  <div class="step skip-bg">
                    <span>Then the admin should see validation error for "Stock Quantity"</span>
      <div>Step skipped
      </div>
                  </div>
                  <div class="step skip-bg">
                    <span>And the driver clears local storage</span>
      <div>Step skipped
      </div>
                  </div>
              </div>
            </div>
        </div>
  </div>
</div>
          </div>
        </li>
      </ul>
    </div>
  </div>
<div class="test-content scrollable">
<div class="test-content-tools">
<ul><li><a class="back-to-test" href="#"><i class="fa fa-arrow-left"></i></a></li></ul>
</div>
<div class="test-content-detail"><div class="detail-body"></div></div>
</div></div>
<div class="test-wrapper row view category-view attributes-view">
<div class="test-list">
<div class="test-list-tools">
<ul class="tools pull-left"><li><a href=""><span class="font-size-14">Category</span></a></li></ul>
<ul class="tools text-right"><li><a href="#"><span class="badge badge-primary">5</span></a></li></ul>
</div>
<div class="test-list-wrapper scrollable">
<ul class="test-list-item">
<li class="test-item">
<div class="test-detail">
<span class="meta">
<span class='badge log pass-bg'>1</span>
</span>
<p class="name">@Smoke</p>
<p class="duration text-sm">1 tests</p>
</div>
<div class="test-contents d-none">
<div class="info">
<h4>@Smoke</h4>
<span status="pass" class='badge log pass-bg'>1 passed</span>
</div>
<table class='table table-sm mt-4'>
<thead>
<tr>
<th class="status-col">Status</th>
<th class="timestamp-col">Timestamp</th>
<th>TestName</th>
</tr>
</thead>
<tbody>
<tr class="tag-test-status" status="pass">
<td><span class="badge log pass-bg">Pass</span></td>
<td>13:50:57 PM</td>
<td>
<a href="#" class="linked" test-id='1' id='2'>Add new product</a>
<div class="">
<span class="badge badge-default">Admin Panel and Order Management.Add new product</span>
</div>
</td>
</tr>
</tbody>
</table>
</div>
</li>
<li class="test-item">
<div class="test-detail">
<span class="meta">
<span class='badge log pass-bg'>1</span>
<span class='badge log badge-danger'>8</span>
</span>
<p class="name">@ProductManagement</p>
<p class="duration text-sm">9 tests</p>
</div>
<div class="test-contents d-none">
<div class="info">
<h4>@ProductManagement</h4>
<span status="pass" class='badge log pass-bg'>1 passed</span>
<span status="fail" class='badge log badge-danger'>8 failed</span>
</div>
<table class='table table-sm mt-4'>
<thead>
<tr>
<th class="status-col">Status</th>
<th class="timestamp-col">Timestamp</th>
<th>TestName</th>
</tr>
</thead>
<tbody>
<tr class="tag-test-status" status="pass">
<td><span class="badge log pass-bg">Pass</span></td>
<td>13:50:57 PM</td>
<td>
<a href="#" class="linked" test-id='1' id='2'>Add new product</a>
<div class="">
<span class="badge badge-default">Admin Panel and Order Management.Add new product</span>
</div>
</td>
</tr>
<tr class="tag-test-status" status="fail">
<td><span class="badge log fail-bg">Fail</span></td>
<td>13:51:12 PM</td>
<td>
<a href="#" class="linked" test-id='1' id='15'>Edit existing product</a>
<div class="">
<span class="badge badge-default">Admin Panel and Order Management.Edit existing product</span>
</div>
</td>
</tr>
<tr class="tag-test-status" status="fail">
<td><span class="badge log fail-bg">Fail</span></td>
<td>13:51:34 PM</td>
<td>
<a href="#" class="linked" test-id='1' id='29'>Delete product</a>
<div class="">
<span class="badge badge-default">Admin Panel and Order Management.Delete product</span>
</div>
</td>
</tr>
<tr class="tag-test-status" status="fail">
<td><span class="badge log fail-bg">Fail</span></td>
<td>13:51:44 PM</td>
<td>
<a href="#" class="linked" test-id='1' id='41'>Update product stock</a>
<div class="">
<span class="badge badge-default">Admin Panel and Order Management.Update product stock</span>
</div>
</td>
</tr>
<tr class="tag-test-status" status="fail">
<td><span class="badge log fail-bg">Fail</span></td>
<td>13:51:44 PM</td>
<td>
<a href="#" class="linked" test-id='1' id='53'>Set product as featured</a>
<div class="">
<span class="badge badge-default">Admin Panel and Order Management.Set product as featured</span>
</div>
</td>
</tr>
<tr class="tag-test-status" status="fail">
<td><span class="badge log fail-bg">Fail</span></td>
<td>13:51:44 PM</td>
<td>
<a href="#" class="linked" test-id='1' id='65'>Add product with missing required fields</a>
<div class="">
<span class="badge badge-default">Admin Panel and Order Management.Add product with missing required fields</span>
</div>
</td>
</tr>
<tr class="tag-test-status" status="fail">
<td><span class="badge log fail-bg">Fail</span></td>
<td>13:51:44 PM</td>
<td>
<a href="#" class="linked" test-id='1' id='76'>Add product with missing required fields</a>
<div class="">
<span class="badge badge-default">Admin Panel and Order Management.Add product with missing required fields</span>
</div>
</td>
</tr>
<tr class="tag-test-status" status="fail">
<td><span class="badge log fail-bg">Fail</span></td>
<td>13:51:44 PM</td>
<td>
<a href="#" class="linked" test-id='1' id='87'>Add product with missing required fields</a>
<div class="">
<span class="badge badge-default">Admin Panel and Order Management.Add product with missing required fields</span>
</div>
</td>
</tr>
<tr class="tag-test-status" status="fail">
<td><span class="badge log fail-bg">Fail</span></td>
<td>13:51:44 PM</td>
<td>
<a href="#" class="linked" test-id='1' id='98'>Add product with missing required fields</a>
<div class="">
<span class="badge badge-default">Admin Panel and Order Management.Add product with missing required fields</span>
</div>
</td>
</tr>
</tbody>
</table>
</div>
</li>
<li class="test-item">
<div class="test-detail">
<span class="meta">
<span class='badge log pass-bg'>1</span>
<span class='badge log badge-danger'>8</span>
</span>
<p class="name">@AdminTest</p>
<p class="duration text-sm">9 tests</p>
</div>
<div class="test-contents d-none">
<div class="info">
<h4>@AdminTest</h4>
<span status="pass" class='badge log pass-bg'>1 passed</span>
<span status="fail" class='badge log badge-danger'>8 failed</span>
</div>
<table class='table table-sm mt-4'>
<thead>
<tr>
<th class="status-col">Status</th>
<th class="timestamp-col">Timestamp</th>
<th>TestName</th>
</tr>
</thead>
<tbody>
<tr class="tag-test-status" status="pass">
<td><span class="badge log pass-bg">Pass</span></td>
<td>13:50:57 PM</td>
<td>
<a href="#" class="linked" test-id='1' id='2'>Add new product</a>
<div class="">
<span class="badge badge-default">Admin Panel and Order Management.Add new product</span>
</div>
</td>
</tr>
<tr class="tag-test-status" status="fail">
<td><span class="badge log fail-bg">Fail</span></td>
<td>13:51:12 PM</td>
<td>
<a href="#" class="linked" test-id='1' id='15'>Edit existing product</a>
<div class="">
<span class="badge badge-default">Admin Panel and Order Management.Edit existing product</span>
</div>
</td>
</tr>
<tr class="tag-test-status" status="fail">
<td><span class="badge log fail-bg">Fail</span></td>
<td>13:51:34 PM</td>
<td>
<a href="#" class="linked" test-id='1' id='29'>Delete product</a>
<div class="">
<span class="badge badge-default">Admin Panel and Order Management.Delete product</span>
</div>
</td>
</tr>
<tr class="tag-test-status" status="fail">
<td><span class="badge log fail-bg">Fail</span></td>
<td>13:51:44 PM</td>
<td>
<a href="#" class="linked" test-id='1' id='41'>Update product stock</a>
<div class="">
<span class="badge badge-default">Admin Panel and Order Management.Update product stock</span>
</div>
</td>
</tr>
<tr class="tag-test-status" status="fail">
<td><span class="badge log fail-bg">Fail</span></td>
<td>13:51:44 PM</td>
<td>
<a href="#" class="linked" test-id='1' id='53'>Set product as featured</a>
<div class="">
<span class="badge badge-default">Admin Panel and Order Management.Set product as featured</span>
</div>
</td>
</tr>
<tr class="tag-test-status" status="fail">
<td><span class="badge log fail-bg">Fail</span></td>
<td>13:51:44 PM</td>
<td>
<a href="#" class="linked" test-id='1' id='65'>Add product with missing required fields</a>
<div class="">
<span class="badge badge-default">Admin Panel and Order Management.Add product with missing required fields</span>
</div>
</td>
</tr>
<tr class="tag-test-status" status="fail">
<td><span class="badge log fail-bg">Fail</span></td>
<td>13:51:44 PM</td>
<td>
<a href="#" class="linked" test-id='1' id='76'>Add product with missing required fields</a>
<div class="">
<span class="badge badge-default">Admin Panel and Order Management.Add product with missing required fields</span>
</div>
</td>
</tr>
<tr class="tag-test-status" status="fail">
<td><span class="badge log fail-bg">Fail</span></td>
<td>13:51:44 PM</td>
<td>
<a href="#" class="linked" test-id='1' id='87'>Add product with missing required fields</a>
<div class="">
<span class="badge badge-default">Admin Panel and Order Management.Add product with missing required fields</span>
</div>
</td>
</tr>
<tr class="tag-test-status" status="fail">
<td><span class="badge log fail-bg">Fail</span></td>
<td>13:51:44 PM</td>
<td>
<a href="#" class="linked" test-id='1' id='98'>Add product with missing required fields</a>
<div class="">
<span class="badge badge-default">Admin Panel and Order Management.Add product with missing required fields</span>
</div>
</td>
</tr>
</tbody>
</table>
</div>
</li>
<li class="test-item">
<div class="test-detail">
<span class="meta">
<span class='badge log pass-bg'>1</span>
<span class='badge log badge-danger'>4</span>
</span>
<p class="name">@Regression</p>
<p class="duration text-sm">5 tests</p>
</div>
<div class="test-contents d-none">
<div class="info">
<h4>@Regression</h4>
<span status="pass" class='badge log pass-bg'>1 passed</span>
<span status="fail" class='badge log badge-danger'>4 failed</span>
</div>
<table class='table table-sm mt-4'>
<thead>
<tr>
<th class="status-col">Status</th>
<th class="timestamp-col">Timestamp</th>
<th>TestName</th>
</tr>
</thead>
<tbody>
<tr class="tag-test-status" status="pass">
<td><span class="badge log pass-bg">Pass</span></td>
<td>13:50:57 PM</td>
<td>
<a href="#" class="linked" test-id='1' id='2'>Add new product</a>
<div class="">
<span class="badge badge-default">Admin Panel and Order Management.Add new product</span>
</div>
</td>
</tr>
<tr class="tag-test-status" status="fail">
<td><span class="badge log fail-bg">Fail</span></td>
<td>13:51:12 PM</td>
<td>
<a href="#" class="linked" test-id='1' id='15'>Edit existing product</a>
<div class="">
<span class="badge badge-default">Admin Panel and Order Management.Edit existing product</span>
</div>
</td>
</tr>
<tr class="tag-test-status" status="fail">
<td><span class="badge log fail-bg">Fail</span></td>
<td>13:51:34 PM</td>
<td>
<a href="#" class="linked" test-id='1' id='29'>Delete product</a>
<div class="">
<span class="badge badge-default">Admin Panel and Order Management.Delete product</span>
</div>
</td>
</tr>
<tr class="tag-test-status" status="fail">
<td><span class="badge log fail-bg">Fail</span></td>
<td>13:51:44 PM</td>
<td>
<a href="#" class="linked" test-id='1' id='41'>Update product stock</a>
<div class="">
<span class="badge badge-default">Admin Panel and Order Management.Update product stock</span>
</div>
</td>
</tr>
<tr class="tag-test-status" status="fail">
<td><span class="badge log fail-bg">Fail</span></td>
<td>13:51:44 PM</td>
<td>
<a href="#" class="linked" test-id='1' id='53'>Set product as featured</a>
<div class="">
<span class="badge badge-default">Admin Panel and Order Management.Set product as featured</span>
</div>
</td>
</tr>
</tbody>
</table>
</div>
</li>
<li class="test-item">
<div class="test-detail">
<span class="meta">
<span class='badge log badge-danger'>4</span>
</span>
<p class="name">@NegativeTesting</p>
<p class="duration text-sm">4 tests</p>
</div>
<div class="test-contents d-none">
<div class="info">
<h4>@NegativeTesting</h4>
<span status="fail" class='badge log badge-danger'>4 failed</span>
</div>
<table class='table table-sm mt-4'>
<thead>
<tr>
<th class="status-col">Status</th>
<th class="timestamp-col">Timestamp</th>
<th>TestName</th>
</tr>
</thead>
<tbody>
<tr class="tag-test-status" status="fail">
<td><span class="badge log fail-bg">Fail</span></td>
<td>13:51:44 PM</td>
<td>
<a href="#" class="linked" test-id='1' id='65'>Add product with missing required fields</a>
<div class="">
<span class="badge badge-default">Admin Panel and Order Management.Add product with missing required fields</span>
</div>
</td>
</tr>
<tr class="tag-test-status" status="fail">
<td><span class="badge log fail-bg">Fail</span></td>
<td>13:51:44 PM</td>
<td>
<a href="#" class="linked" test-id='1' id='76'>Add product with missing required fields</a>
<div class="">
<span class="badge badge-default">Admin Panel and Order Management.Add product with missing required fields</span>
</div>
</td>
</tr>
<tr class="tag-test-status" status="fail">
<td><span class="badge log fail-bg">Fail</span></td>
<td>13:51:44 PM</td>
<td>
<a href="#" class="linked" test-id='1' id='87'>Add product with missing required fields</a>
<div class="">
<span class="badge badge-default">Admin Panel and Order Management.Add product with missing required fields</span>
</div>
</td>
</tr>
<tr class="tag-test-status" status="fail">
<td><span class="badge log fail-bg">Fail</span></td>
<td>13:51:44 PM</td>
<td>
<a href="#" class="linked" test-id='1' id='98'>Add product with missing required fields</a>
<div class="">
<span class="badge badge-default">Admin Panel and Order Management.Add product with missing required fields</span>
</div>
</td>
</tr>
</tbody>
</table>
</div>
</li>
</ul>
</div>
</div>
<div class="test-content scrollable">
<div class="test-content-detail">
<div class="detail-body"></div>
</div>
</div>
</div><div class="test-wrapper row view exception-view attributes-view">
<div class="test-list">
<div class="test-list-tools">
<ul class="tools pull-left"><li><a href=""><span class="font-size-14">Exception</span></a></li></ul>
<ul class="tools text-right"><li><a href="#"><span class="badge badge-primary">2</span></a></li></ul>
</div>
<div class="test-list-wrapper scrollable">
<ul class="test-list-item">
<li class="test-item">
<div class="test-detail">
<span class="meta">
<span class='badge log badge-danger'>7</span>
</span>
<p class="name">org.openqa.selenium.NoSuchSessionException</p>
<p class="duration text-sm">7 tests</p>
</div>
<div class="test-contents d-none">
<div class="info">
<h4>org.openqa.selenium.NoSuchSessionException</h4>
<span status="fail" class='badge log badge-danger'>7 failed</span>
</div>
<table class='table table-sm mt-4'>
<thead>
<tr>
<th class="status-col">Status</th>
<th class="timestamp-col">Timestamp</th>
<th>TestName</th>
</tr>
</thead>
<tbody>
<tr class="tag-test-status" status="fail">
<td><span class="badge log fail-bg">Fail</span></td>
<td>13:51:35 PM</td>
<td>
<a href="#" class="linked" test-id='1' id='32'>Given the admin is logged in to admin panel</a>
<div class="">
<span class="badge badge-default">Admin Panel and Order Management.Delete product.Given the admin is logged in to admin panel</span>
</div>
</td>
</tr>
<tr class="tag-test-status" status="fail">
<td><span class="badge log fail-bg">Fail</span></td>
<td>13:51:44 PM</td>
<td>
<a href="#" class="linked" test-id='1' id='43'>Given the admin navigates to admin login page</a>
<div class="">
<span class="badge badge-default">Admin Panel and Order Management.Update product stock.Given the admin navigates to admin login page</span>
</div>
</td>
</tr>
<tr class="tag-test-status" status="fail">
<td><span class="badge log fail-bg">Fail</span></td>
<td>13:51:44 PM</td>
<td>
<a href="#" class="linked" test-id='1' id='55'>Given the admin navigates to admin login page</a>
<div class="">
<span class="badge badge-default">Admin Panel and Order Management.Set product as featured.Given the admin navigates to admin login page</span>
</div>
</td>
</tr>
<tr class="tag-test-status" status="fail">
<td><span class="badge log fail-bg">Fail</span></td>
<td>13:51:44 PM</td>
<td>
<a href="#" class="linked" test-id='1' id='67'>Given the admin navigates to admin login page</a>
<div class="">
<span class="badge badge-default">Admin Panel and Order Management.Add product with missing required fields.Given the admin navigates to admin login page</span>
</div>
</td>
</tr>
<tr class="tag-test-status" status="fail">
<td><span class="badge log fail-bg">Fail</span></td>
<td>13:51:44 PM</td>
<td>
<a href="#" class="linked" test-id='1' id='78'>Given the admin navigates to admin login page</a>
<div class="">
<span class="badge badge-default">Admin Panel and Order Management.Add product with missing required fields.Given the admin navigates to admin login page</span>
</div>
</td>
</tr>
<tr class="tag-test-status" status="fail">
<td><span class="badge log fail-bg">Fail</span></td>
<td>13:51:44 PM</td>
<td>
<a href="#" class="linked" test-id='1' id='89'>Given the admin navigates to admin login page</a>
<div class="">
<span class="badge badge-default">Admin Panel and Order Management.Add product with missing required fields.Given the admin navigates to admin login page</span>
</div>
</td>
</tr>
<tr class="tag-test-status" status="fail">
<td><span class="badge log fail-bg">Fail</span></td>
<td>13:51:44 PM</td>
<td>
<a href="#" class="linked" test-id='1' id='100'>Given the admin navigates to admin login page</a>
<div class="">
<span class="badge badge-default">Admin Panel and Order Management.Add product with missing required fields.Given the admin navigates to admin login page</span>
</div>
</td>
</tr>
</tbody>
</table>
</div>
</li>
<li class="test-item">
<div class="test-detail">
<span class="meta">
<span class='badge log badge-danger'>1</span>
</span>
<p class="name">org.openqa.selenium.TimeoutException</p>
<p class="duration text-sm">1 tests</p>
</div>
<div class="test-contents d-none">
<div class="info">
<h4>org.openqa.selenium.TimeoutException</h4>
<span status="fail" class='badge log badge-danger'>1 failed</span>
</div>
<table class='table table-sm mt-4'>
<thead>
<tr>
<th class="status-col">Status</th>
<th class="timestamp-col">Timestamp</th>
<th>TestName</th>
</tr>
</thead>
<tbody>
<tr class="tag-test-status" status="fail">
<td><span class="badge log fail-bg">Fail</span></td>
<td>13:51:14 PM</td>
<td>
<a href="#" class="linked" test-id='1' id='19'>And there are existing products in the system</a>
<div class="">
<span class="badge badge-default">Admin Panel and Order Management.Edit existing product.And there are existing products in the system</span>
</div>
</td>
</tr>
</tbody>
</table>
</div>
</li>
</ul>
</div>
</div>
<div class="test-content scrollable">
<div class="test-content-detail">
<div class="detail-body"></div>
</div>
</div>
</div>        </div>
      </div>
    </div>
  </div>
<script src="https://cdn.jsdelivr.net/gh/extent-framework/extent-github-cdn@d6562a79075e061305ccfdb82f01e5e195e2d307/spark/js/spark-script.js"></script>
<script type="text/javascript"></script></body>
</html>