<?xml version="1.0" encoding="UTF-8"?>
<!-- Generated by org.testng.reporters.JUnitReportReporter -->
<testsuite hostname="Akashs-MacBook-Air-2.local" failures="1" tests="17" name="com.commerza.runners.Team1Runner" time="232.397" errors="2" timestamp="2026-02-16T10:03:33 IST" skipped="0">
  <testcase classname="com.commerza.runners.Team1Runner" name="runScenario" time="9.188"/>
  <testcase classname="com.commerza.runners.Team1Runner" name="runScenario" time="10.307"/>
  <testcase classname="com.commerza.runners.Team1Runner" name="runScenario" time="11.626"/>
  <testcase classname="com.commerza.runners.Team1Runner" name="runScenario" time="9.238"/>
  <testcase classname="com.commerza.runners.Team1Runner" name="runScenario" time="10.664"/>
  <testcase classname="com.commerza.runners.Team1Runner" name="runScenario" time="7.425"/>
  <testcase classname="com.commerza.runners.Team1Runner" name="runScenario" time="26.542"/>
  <testcase classname="com.commerza.runners.Team1Runner" name="runScenario" time="14.871">
    <error message="element click intercepted: Element is not clickable at point (277, 903)
  (Session info: chrome=144.0.7559.133)
Build info: version: &#039;4.18.1&#039;, revision: &#039;b1d3319b48&#039;
System info: os.name: &#039;Mac OS X&#039;, os.arch: &#039;aarch64&#039;, os.version: &#039;26.1&#039;, java.version: &#039;21.0.9&#039;
Driver info: org.openqa.selenium.chrome.ChromeDriver
Command: [02f15c9428dc80990257272edc3a4fc4, clickElement {id=f.63C33FA0E6C7D7A27B202FC61E4A77CB.d.02F541E4434C114091F0E48298B6E712.e.57}]
Capabilities {acceptInsecureCerts: false, browserName: chrome, browserVersion: 144.0.7559.133, chrome: {chromedriverVersion: 144.0.7559.133 (7da823b1d59..., userDataDir: /var/folders/2p/7wldg5_j2pv...}, fedcm:accounts: true, goog:chromeOptions: {debuggerAddress: localhost:52005}, goog:processID: 55080, networkConnectionEnabled: false, pageLoadStrategy: normal, platformName: mac, proxy: Proxy(), se:cdp: ws://localhost:52005/devtoo..., se:cdpVersion: 144.0.7559.133, setWindowRect: true, strictFileInteractability: false, timeouts: {implicit: 0, pageLoad: 300000, script: 30000}, unhandledPromptBehavior: dismiss and notify, webauthn:extension:credBlob: true, webauthn:extension:largeBlob: true, webauthn:extension:minPinLength: true, webauthn:extension:prf: true, webauthn:virtualAuthenticators: true}
Element: [[ChromeDriver: chrome on mac (02f15c9428dc80990257272edc3a4fc4)] -&gt; css selector: #updatePasswordForm button[type=&#039;submit&#039;]]
Session ID: 02f15c9428dc80990257272edc3a4fc4" type="org.openqa.selenium.ElementClickInterceptedException">
      <![CDATA[org.openqa.selenium.ElementClickInterceptedException: element click intercepted: Element is not clickable at point (277, 903)
  (Session info: chrome=144.0.7559.133)
Build info: version: '4.18.1', revision: 'b1d3319b48'
System info: os.name: 'Mac OS X', os.arch: 'aarch64', os.version: '26.1', java.version: '21.0.9'
Driver info: org.openqa.selenium.chrome.ChromeDriver
Command: [02f15c9428dc80990257272edc3a4fc4, clickElement {id=f.63C33FA0E6C7D7A27B202FC61E4A77CB.d.02F541E4434C114091F0E48298B6E712.e.57}]
Capabilities {acceptInsecureCerts: false, browserName: chrome, browserVersion: 144.0.7559.133, chrome: {chromedriverVersion: 144.0.7559.133 (7da823b1d59..., userDataDir: /var/folders/2p/7wldg5_j2pv...}, fedcm:accounts: true, goog:chromeOptions: {debuggerAddress: localhost:52005}, goog:processID: 55080, networkConnectionEnabled: false, pageLoadStrategy: normal, platformName: mac, proxy: Proxy(), se:cdp: ws://localhost:52005/devtoo..., se:cdpVersion: 144.0.7559.133, setWindowRect: true, strictFileInteractability: false, timeouts: {implicit: 0, pageLoad: 300000, script: 30000}, unhandledPromptBehavior: dismiss and notify, webauthn:extension:credBlob: true, webauthn:extension:largeBlob: true, webauthn:extension:minPinLength: true, webauthn:extension:prf: true, webauthn:virtualAuthenticators: true}
Element: [[ChromeDriver: chrome on mac (02f15c9428dc80990257272edc3a4fc4)] -> css selector: #updatePasswordForm button[type='submit']]
Session ID: 02f15c9428dc80990257272edc3a4fc4
at java.base/jdk.internal.reflect.DirectConstructorHandleAccessor.newInstance(DirectConstructorHandleAccessor.java:62)
at java.base/java.lang.reflect.Constructor.newInstanceWithCaller(Constructor.java:502)
at java.base/java.lang.reflect.Constructor.newInstance(Constructor.java:486)
at org.openqa.selenium.remote.ErrorCodec.decode(ErrorCodec.java:167)
at org.openqa.selenium.remote.codec.w3c.W3CHttpResponseCodec.decode(W3CHttpResponseCodec.java:138)
at org.openqa.selenium.remote.codec.w3c.W3CHttpResponseCodec.decode(W3CHttpResponseCodec.java:50)
at org.openqa.selenium.remote.HttpCommandExecutor.execute(HttpCommandExecutor.java:190)
at org.openqa.selenium.remote.service.DriverCommandExecutor.invokeExecute(DriverCommandExecutor.java:216)
at org.openqa.selenium.remote.service.DriverCommandExecutor.execute(DriverCommandExecutor.java:174)
at org.openqa.selenium.remote.RemoteWebDriver.execute(RemoteWebDriver.java:519)
at org.openqa.selenium.remote.RemoteWebElement.execute(RemoteWebElement.java:223)
at org.openqa.selenium.remote.RemoteWebElement.click(RemoteWebElement.java:76)
at com.commerza.utils.ElementUtils.click(ElementUtils.java:25)
at com.commerza.pages.AccountPage.clickUpdatePassword(AccountPage.java:87)
at com.commerza.stepdefinitions.team1.AuthenticationSteps.the_user_clicks_on_update_password_button(AuthenticationSteps.java:366)
at ✽.the user clicks on update password button(file:///Users/akashsharma/Downloads/Ecommerce-Testing/ecommerce-testing/src/test/resources/features/team1/Authentication.feature:126)
]]>
    </error>
  </testcase> <!-- runScenario -->
  <testcase classname="com.commerza.runners.Team1Runner" name="runScenario" time="20.164"/>
  <testcase classname="com.commerza.runners.Team1Runner" name="runScenario" time="10.631"/>
  <testcase classname="com.commerza.runners.Team1Runner" name="runScenario" time="12.498"/>
  <testcase classname="com.commerza.runners.Team1Runner" name="runScenario" time="8.109"/>
  <testcase classname="com.commerza.runners.Team1Runner" name="runScenario" time="12.103"/>
  <testcase classname="com.commerza.runners.Team1Runner" name="runScenario" time="9.843"/>
  <testcase classname="com.commerza.runners.Team1Runner" name="runScenario" time="30.553">
    <error message="Expected condition failed: waiting for element to be clickable: By.cssSelector: button[onclick*=&#039;edit&#039;] (tried for 20 second(s) with 500 milliseconds interval)
Build info: version: &#039;4.18.1&#039;, revision: &#039;b1d3319b48&#039;
System info: os.name: &#039;Mac OS X&#039;, os.arch: &#039;aarch64&#039;, os.version: &#039;26.1&#039;, java.version: &#039;21.0.9&#039;
Driver info: org.openqa.selenium.chrome.ChromeDriver
Capabilities {acceptInsecureCerts: false, browserName: chrome, browserVersion: 144.0.7559.133, chrome: {chromedriverVersion: 144.0.7559.133 (7da823b1d59..., userDataDir: /var/folders/2p/7wldg5_j2pv...}, fedcm:accounts: true, goog:chromeOptions: {debuggerAddress: localhost:51966}, goog:processID: 55027, networkConnectionEnabled: false, pageLoadStrategy: normal, platformName: mac, proxy: Proxy(), se:cdp: ws://localhost:51966/devtoo..., se:cdpVersion: 144.0.7559.133, setWindowRect: true, strictFileInteractability: false, timeouts: {implicit: 0, pageLoad: 300000, script: 30000}, unhandledPromptBehavior: dismiss and notify, webauthn:extension:credBlob: true, webauthn:extension:largeBlob: true, webauthn:extension:minPinLength: true, webauthn:extension:prf: true, webauthn:virtualAuthenticators: true}
Session ID: e0b2fd40c1528975df446fa6d58f07f9" type="org.openqa.selenium.TimeoutException">
      <![CDATA[org.openqa.selenium.TimeoutException: Expected condition failed: waiting for element to be clickable: By.cssSelector: button[onclick*='edit'] (tried for 20 second(s) with 500 milliseconds interval)
Build info: version: '4.18.1', revision: 'b1d3319b48'
System info: os.name: 'Mac OS X', os.arch: 'aarch64', os.version: '26.1', java.version: '21.0.9'
Driver info: org.openqa.selenium.chrome.ChromeDriver
Capabilities {acceptInsecureCerts: false, browserName: chrome, browserVersion: 144.0.7559.133, chrome: {chromedriverVersion: 144.0.7559.133 (7da823b1d59..., userDataDir: /var/folders/2p/7wldg5_j2pv...}, fedcm:accounts: true, goog:chromeOptions: {debuggerAddress: localhost:51966}, goog:processID: 55027, networkConnectionEnabled: false, pageLoadStrategy: normal, platformName: mac, proxy: Proxy(), se:cdp: ws://localhost:51966/devtoo..., se:cdpVersion: 144.0.7559.133, setWindowRect: true, strictFileInteractability: false, timeouts: {implicit: 0, pageLoad: 300000, script: 30000}, unhandledPromptBehavior: dismiss and notify, webauthn:extension:credBlob: true, webauthn:extension:largeBlob: true, webauthn:extension:minPinLength: true, webauthn:extension:prf: true, webauthn:virtualAuthenticators: true}
Session ID: e0b2fd40c1528975df446fa6d58f07f9
at org.openqa.selenium.support.ui.WebDriverWait.timeoutException(WebDriverWait.java:84)
at org.openqa.selenium.support.ui.FluentWait.until(FluentWait.java:228)
at com.commerza.utils.ElementUtils.waitForElementToBeClickable(ElementUtils.java:55)
at com.commerza.utils.ElementUtils.click(ElementUtils.java:25)
at com.commerza.pages.AccountPage.clickEditProfile(AccountPage.java:51)
at com.commerza.stepdefinitions.team1.AuthenticationSteps.the_user_clicks_on_edit_profile(AuthenticationSteps.java:313)
at ✽.the user clicks on edit profile(file:///Users/akashsharma/Downloads/Ecommerce-Testing/ecommerce-testing/src/test/resources/features/team1/Authentication.feature:111)
]]>
    </error>
  </testcase> <!-- runScenario -->
  <testcase classname="com.commerza.runners.Team1Runner" name="runScenario" time="20.783">
    <failure message="Profile information not displayed expected [true] but found [false]" type="java.lang.AssertionError">
      <![CDATA[java.lang.AssertionError: Profile information not displayed expected [true] but found [false]
at org.testng.Assert.fail(Assert.java:111)
at org.testng.Assert.failNotEquals(Assert.java:1578)
at org.testng.Assert.assertTrue(Assert.java:57)
at com.commerza.stepdefinitions.team1.AuthenticationSteps.the_user_should_see_their_profile_information(AuthenticationSteps.java:301)
at ✽.the user should see their profile information(file:///Users/akashsharma/Downloads/Ecommerce-Testing/ecommerce-testing/src/test/resources/features/team1/Authentication.feature:104)
]]>
    </failure>
  </testcase> <!-- runScenario -->
  <testcase classname="com.commerza.runners.Team1Runner" name="runScenario" time="7.852"/>
</testsuite> <!-- com.commerza.runners.Team1Runner -->
