<?xml version="1.0" encoding="UTF-8"?>
<!-- Generated by org.testng.reporters.JUnitReportReporter -->
<testsuite hostname="Akashs-MacBook-Air-2.local" failures="1" tests="17" name="com.commerza.runners.Authentication" time="167.422" errors="2" timestamp="2026-02-17T13:23:17 IST" skipped="0">
  <testcase classname="com.commerza.runners.Authentication" name="runScenario" time="7.772"/>
  <testcase classname="com.commerza.runners.Authentication" name="runScenario" time="7.326"/>
  <testcase classname="com.commerza.runners.Authentication" name="runScenario" time="9.854"/>
  <testcase classname="com.commerza.runners.Authentication" name="runScenario" time="7.292"/>
  <testcase classname="com.commerza.runners.Authentication" name="runScenario" time="6.887"/>
  <testcase classname="com.commerza.runners.Authentication" name="runScenario" time="9.159"/>
  <testcase classname="com.commerza.runners.Authentication" name="runScenario" time="9.613">
    <error message="element click intercepted: Element is not clickable at point (277, 671)
  (Session info: chrome=144.0.7559.133)
Build info: version: &#039;4.18.1&#039;, revision: &#039;b1d3319b48&#039;
System info: os.name: &#039;Mac OS X&#039;, os.arch: &#039;aarch64&#039;, os.version: &#039;26.1&#039;, java.version: &#039;21.0.9&#039;
Driver info: org.openqa.selenium.chrome.ChromeDriver
Command: [06a054359dd28ef71f8b39174ad8f220, clickElement {id=f.A3C50CF462FD1270809445C735984B04.d.2552204B1D0702DD9CB64CDDF3707696.e.57}]
Capabilities {acceptInsecureCerts: false, browserName: chrome, browserVersion: 144.0.7559.133, chrome: {chromedriverVersion: 144.0.7559.133 (7da823b1d59..., userDataDir: /var/folders/2p/7wldg5_j2pv...}, fedcm:accounts: true, goog:chromeOptions: {debuggerAddress: localhost:57740}, goog:processID: 66593, networkConnectionEnabled: false, pageLoadStrategy: normal, platformName: mac, proxy: Proxy(), se:cdp: ws://localhost:57740/devtoo..., se:cdpVersion: 144.0.7559.133, setWindowRect: true, strictFileInteractability: false, timeouts: {implicit: 0, pageLoad: 300000, script: 30000}, unhandledPromptBehavior: dismiss and notify, webauthn:extension:credBlob: true, webauthn:extension:largeBlob: true, webauthn:extension:minPinLength: true, webauthn:extension:prf: true, webauthn:virtualAuthenticators: true}
Element: [[ChromeDriver: chrome on mac (06a054359dd28ef71f8b39174ad8f220)] -&gt; xpath: //*[contains(text(),&#039;Change Password&#039;)]]
Session ID: 06a054359dd28ef71f8b39174ad8f220" type="org.openqa.selenium.ElementClickInterceptedException">
      <![CDATA[org.openqa.selenium.ElementClickInterceptedException: element click intercepted: Element is not clickable at point (277, 671)
  (Session info: chrome=144.0.7559.133)
Build info: version: '4.18.1', revision: 'b1d3319b48'
System info: os.name: 'Mac OS X', os.arch: 'aarch64', os.version: '26.1', java.version: '21.0.9'
Driver info: org.openqa.selenium.chrome.ChromeDriver
Command: [06a054359dd28ef71f8b39174ad8f220, clickElement {id=f.A3C50CF462FD1270809445C735984B04.d.2552204B1D0702DD9CB64CDDF3707696.e.57}]
Capabilities {acceptInsecureCerts: false, browserName: chrome, browserVersion: 144.0.7559.133, chrome: {chromedriverVersion: 144.0.7559.133 (7da823b1d59..., userDataDir: /var/folders/2p/7wldg5_j2pv...}, fedcm:accounts: true, goog:chromeOptions: {debuggerAddress: localhost:57740}, goog:processID: 66593, networkConnectionEnabled: false, pageLoadStrategy: normal, platformName: mac, proxy: Proxy(), se:cdp: ws://localhost:57740/devtoo..., se:cdpVersion: 144.0.7559.133, setWindowRect: true, strictFileInteractability: false, timeouts: {implicit: 0, pageLoad: 300000, script: 30000}, unhandledPromptBehavior: dismiss and notify, webauthn:extension:credBlob: true, webauthn:extension:largeBlob: true, webauthn:extension:minPinLength: true, webauthn:extension:prf: true, webauthn:virtualAuthenticators: true}
Element: [[ChromeDriver: chrome on mac (06a054359dd28ef71f8b39174ad8f220)] -> xpath: //*[contains(text(),'Change Password')]]
Session ID: 06a054359dd28ef71f8b39174ad8f220
at java.base/jdk.internal.reflect.DirectConstructorHandleAccessor.newInstance(DirectConstructorHandleAccessor.java:62)
at java.base/java.lang.reflect.Constructor.newInstanceWithCaller(Constructor.java:502)
at java.base/java.lang.reflect.Constructor.newInstance(Constructor.java:486)
at org.openqa.selenium.remote.ErrorCodec.decode(ErrorCodec.java:167)
at org.openqa.selenium.remote.codec.w3c.W3CHttpResponseCodec.decode(W3CHttpResponseCodec.java:138)
at org.openqa.selenium.remote.codec.w3c.W3CHttpResponseCodec.decode(W3CHttpResponseCodec.java:50)
at org.openqa.selenium.remote.HttpCommandExecutor.execute(HttpCommandExecutor.java:190)
at org.openqa.selenium.remote.service.DriverCommandExecutor.invokeExecute(DriverCommandExecutor.java:216)
at org.openqa.selenium.remote.service.DriverCommandExecutor.execute(DriverCommandExecutor.java:174)
at org.openqa.selenium.remote.RemoteWebDriver.execute(RemoteWebDriver.java:519)
at org.openqa.selenium.remote.RemoteWebElement.execute(RemoteWebElement.java:223)
at org.openqa.selenium.remote.RemoteWebElement.click(RemoteWebElement.java:76)
at com.commerza.utils.ElementUtils.click(ElementUtils.java:25)
at com.commerza.pages.AccountPage.clickChangePassword(AccountPage.java:71)
at com.commerza.stepdefinitions.authentication.AuthenticationSteps.the_user_clicks_on_change_password(AuthenticationSteps.java:346)
at ✽.the user clicks on change password(file:///Users/akashsharma/Desktop/Project_Testing/Ecommerce-Testing/ecommerce-testing/src/test/resources/features/authentication/Authentication.feature:122)
]]>
    </error>
  </testcase> <!-- runScenario -->
  <testcase classname="com.commerza.runners.Authentication" name="runScenario" time="6.956"/>
  <testcase classname="com.commerza.runners.Authentication" name="runScenario" time="7.887"/>
  <testcase classname="com.commerza.runners.Authentication" name="runScenario" time="6.999"/>
  <testcase classname="com.commerza.runners.Authentication" name="runScenario" time="7.003"/>
  <testcase classname="com.commerza.runners.Authentication" name="runScenario" time="8.669"/>
  <testcase classname="com.commerza.runners.Authentication" name="runScenario" time="7.906"/>
  <testcase classname="com.commerza.runners.Authentication" name="runScenario" time="20.336">
    <failure message="Profile information not displayed expected [true] but found [false]" type="java.lang.AssertionError">
      <![CDATA[java.lang.AssertionError: Profile information not displayed expected [true] but found [false]
at org.testng.Assert.fail(Assert.java:111)
at org.testng.Assert.failNotEquals(Assert.java:1578)
at org.testng.Assert.assertTrue(Assert.java:57)
at com.commerza.stepdefinitions.authentication.AuthenticationSteps.the_user_should_see_their_profile_information(AuthenticationSteps.java:301)
at ✽.the user should see their profile information(file:///Users/akashsharma/Desktop/Project_Testing/Ecommerce-Testing/ecommerce-testing/src/test/resources/features/authentication/Authentication.feature:104)
]]>
    </failure>
  </testcase> <!-- runScenario -->
  <testcase classname="com.commerza.runners.Authentication" name="runScenario" time="28.691">
    <error message="Expected condition failed: waiting for element to be clickable: By.cssSelector: button[onclick*=&#039;edit&#039;] (tried for 20 second(s) with 500 milliseconds interval)
Build info: version: &#039;4.18.1&#039;, revision: &#039;b1d3319b48&#039;
System info: os.name: &#039;Mac OS X&#039;, os.arch: &#039;aarch64&#039;, os.version: &#039;26.1&#039;, java.version: &#039;21.0.9&#039;
Driver info: org.openqa.selenium.chrome.ChromeDriver
Capabilities {acceptInsecureCerts: false, browserName: chrome, browserVersion: 144.0.7559.133, chrome: {chromedriverVersion: 144.0.7559.133 (7da823b1d59..., userDataDir: /var/folders/2p/7wldg5_j2pv...}, fedcm:accounts: true, goog:chromeOptions: {debuggerAddress: localhost:57707}, goog:processID: 66555, networkConnectionEnabled: false, pageLoadStrategy: normal, platformName: mac, proxy: Proxy(), se:cdp: ws://localhost:57707/devtoo..., se:cdpVersion: 144.0.7559.133, setWindowRect: true, strictFileInteractability: false, timeouts: {implicit: 0, pageLoad: 300000, script: 30000}, unhandledPromptBehavior: dismiss and notify, webauthn:extension:credBlob: true, webauthn:extension:largeBlob: true, webauthn:extension:minPinLength: true, webauthn:extension:prf: true, webauthn:virtualAuthenticators: true}
Session ID: 30777e19950e15898b0428535ad9582d" type="org.openqa.selenium.TimeoutException">
      <![CDATA[org.openqa.selenium.TimeoutException: Expected condition failed: waiting for element to be clickable: By.cssSelector: button[onclick*='edit'] (tried for 20 second(s) with 500 milliseconds interval)
Build info: version: '4.18.1', revision: 'b1d3319b48'
System info: os.name: 'Mac OS X', os.arch: 'aarch64', os.version: '26.1', java.version: '21.0.9'
Driver info: org.openqa.selenium.chrome.ChromeDriver
Capabilities {acceptInsecureCerts: false, browserName: chrome, browserVersion: 144.0.7559.133, chrome: {chromedriverVersion: 144.0.7559.133 (7da823b1d59..., userDataDir: /var/folders/2p/7wldg5_j2pv...}, fedcm:accounts: true, goog:chromeOptions: {debuggerAddress: localhost:57707}, goog:processID: 66555, networkConnectionEnabled: false, pageLoadStrategy: normal, platformName: mac, proxy: Proxy(), se:cdp: ws://localhost:57707/devtoo..., se:cdpVersion: 144.0.7559.133, setWindowRect: true, strictFileInteractability: false, timeouts: {implicit: 0, pageLoad: 300000, script: 30000}, unhandledPromptBehavior: dismiss and notify, webauthn:extension:credBlob: true, webauthn:extension:largeBlob: true, webauthn:extension:minPinLength: true, webauthn:extension:prf: true, webauthn:virtualAuthenticators: true}
Session ID: 30777e19950e15898b0428535ad9582d
at org.openqa.selenium.support.ui.WebDriverWait.timeoutException(WebDriverWait.java:84)
at org.openqa.selenium.support.ui.FluentWait.until(FluentWait.java:228)
at com.commerza.utils.ElementUtils.waitForElementToBeClickable(ElementUtils.java:55)
at com.commerza.utils.ElementUtils.click(ElementUtils.java:25)
at com.commerza.pages.AccountPage.clickEditProfile(AccountPage.java:51)
at com.commerza.stepdefinitions.authentication.AuthenticationSteps.the_user_clicks_on_edit_profile(AuthenticationSteps.java:313)
at ✽.the user clicks on edit profile(file:///Users/akashsharma/Desktop/Project_Testing/Ecommerce-Testing/ecommerce-testing/src/test/resources/features/authentication/Authentication.feature:111)
]]>
    </error>
  </testcase> <!-- runScenario -->
  <testcase classname="com.commerza.runners.Authentication" name="runScenario" time="7.750"/>
  <testcase classname="com.commerza.runners.Authentication" name="runScenario" time="7.322"/>
</testsuite> <!-- com.commerza.runners.Authentication -->
